<?xml version="1.0" encoding="UTF-8"?>
<coverage generated="1735120367858" clover="3.2.0">
  <project timestamp="1735120367858" name="All files">
    <metrics statements="12" coveredstatements="12" conditionals="6" coveredconditionals="6" methods="8" coveredmethods="8" elements="26" coveredelements="26" complexity="0" loc="12" ncloc="12" packages="1" files="1" classes="1"/>
    <file name="library.ts" path="D:\Programming\JSmastery\Library Management System\src\library.ts">
      <metrics statements="12" coveredstatements="12" conditionals="6" coveredconditionals="6" methods="8" coveredmethods="8"/>
      <line num="9" count="1" type="stmt"/>
      <line num="10" count="5" type="stmt"/>
      <line num="13" count="3" type="stmt"/>
      <line num="17" count="3" type="cond" truecount="2" falsecount="0"/>
      <line num="18" count="3" type="cond" truecount="1" falsecount="0"/>
      <line num="19" count="1" type="stmt"/>
      <line num="21" count="2" type="stmt"/>
      <line num="25" count="2" type="cond" truecount="2" falsecount="0"/>
      <line num="26" count="2" type="cond" truecount="1" falsecount="0"/>
      <line num="27" count="1" type="stmt"/>
      <line num="29" count="1" type="stmt"/>
      <line num="33" count="3" type="stmt"/>
    </file>
  </project>
</coverage>
