{"D:\\Programming\\JSmastery\\Library Management System\\src\\library.ts": {"path":"D:\\Programming\\JSmastery\\Library Management System\\src\\library.ts","statementMap":{"0":{"start":{"line":10,"column":12},"end":{"line":10,"column":31}},"1":{"start":{"line":13,"column":8},"end":{"line":13,"column":55}},"2":{"start":{"line":17,"column":21},"end":{"line":17,"column":84}},"3":{"start":{"line":17,"column":45},"end":{"line":17,"column":83}},"4":{"start":{"line":18,"column":8},"end":{"line":20,"column":9}},"5":{"start":{"line":19,"column":12},"end":{"line":19,"column":50}},"6":{"start":{"line":21,"column":8},"end":{"line":21,"column":33}},"7":{"start":{"line":25,"column":21},"end":{"line":25,"column":85}},"8":{"start":{"line":25,"column":45},"end":{"line":25,"column":84}},"9":{"start":{"line":26,"column":8},"end":{"line":28,"column":9}},"10":{"start":{"line":27,"column":12},"end":{"line":27,"column":67}},"11":{"start":{"line":29,"column":8},"end":{"line":29,"column":32}},"12":{"start":{"line":33,"column":8},"end":{"line":33,"column":59}},"13":{"start":{"line":33,"column":41},"end":{"line":33,"column":57}},"14":{"start":{"line":9,"column":0},"end":{"line":9,"column":13}}},"fnMap":{"0":{"name":"(anonymous_0)","decl":{"start":{"line":9,"column":0},"end":{"line":9,"column":13}},"loc":{"start":{"line":9,"column":0},"end":{"line":35,"column":1}}},"1":{"name":"(anonymous_1)","decl":{"start":{"line":12,"column":4},"end":{"line":12,"column":11}},"loc":{"start":{"line":12,"column":22},"end":{"line":14,"column":5}}},"2":{"name":"(anonymous_2)","decl":{"start":{"line":16,"column":4},"end":{"line":16,"column":14}},"loc":{"start":{"line":16,"column":27},"end":{"line":22,"column":5}}},"3":{"name":"(anonymous_3)","decl":{"start":{"line":17,"column":37},"end":{"line":17,"column":41}},"loc":{"start":{"line":17,"column":45},"end":{"line":17,"column":83}}},"4":{"name":"(anonymous_4)","decl":{"start":{"line":24,"column":4},"end":{"line":24,"column":14}},"loc":{"start":{"line":24,"column":27},"end":{"line":30,"column":5}}},"5":{"name":"(anonymous_5)","decl":{"start":{"line":25,"column":37},"end":{"line":25,"column":41}},"loc":{"start":{"line":25,"column":45},"end":{"line":25,"column":84}}},"6":{"name":"(anonymous_6)","decl":{"start":{"line":32,"column":4},"end":{"line":32,"column":22}},"loc":{"start":{"line":32,"column":22},"end":{"line":34,"column":5}}},"7":{"name":"(anonymous_7)","decl":{"start":{"line":33,"column":33},"end":{"line":33,"column":37}},"loc":{"start":{"line":33,"column":41},"end":{"line":33,"column":57}}}},"branchMap":{"0":{"loc":{"start":{"line":17,"column":45},"end":{"line":17,"column":83}},"type":"binary-expr","locations":[{"start":{"line":17,"column":45},"end":{"line":17,"column":63}},{"start":{"line":17,"column":67},"end":{"line":17,"column":83}}]},"1":{"loc":{"start":{"line":18,"column":8},"end":{"line":20,"column":9}},"type":"if","locations":[{"start":{"line":18,"column":8},"end":{"line":20,"column":9}}]},"2":{"loc":{"start":{"line":25,"column":45},"end":{"line":25,"column":84}},"type":"binary-expr","locations":[{"start":{"line":25,"column":45},"end":{"line":25,"column":63}},{"start":{"line":25,"column":67},"end":{"line":25,"column":84}}]},"3":{"loc":{"start":{"line":26,"column":8},"end":{"line":28,"column":9}},"type":"if","locations":[{"start":{"line":26,"column":8},"end":{"line":28,"column":9}}]}},"s":{"0":5,"1":3,"2":3,"3":2,"4":3,"5":1,"6":2,"7":2,"8":1,"9":2,"10":1,"11":1,"12":3,"13":3,"14":1},"f":{"0":5,"1":3,"2":3,"3":2,"4":2,"5":1,"6":3,"7":3},"b":{"0":[2,2],"1":[1],"2":[1,1],"3":[1]}}
}
