TN:
SF:src\library.ts
FN:9,(anonymous_0)
FN:12,(anonymous_1)
FN:16,(anonymous_2)
FN:17,(anonymous_3)
FN:24,(anonymous_4)
FN:25,(anonymous_5)
FN:32,(anonymous_6)
FN:33,(anonymous_7)
FNF:8
FNH:8
FNDA:5,(anonymous_0)
FNDA:3,(anonymous_1)
FNDA:3,(anonymous_2)
FNDA:2,(anonymous_3)
FNDA:2,(anonymous_4)
FNDA:1,(anonymous_5)
FNDA:3,(anonymous_6)
FNDA:3,(anonymous_7)
DA:9,1
DA:10,5
DA:13,3
DA:17,3
DA:18,3
DA:19,1
DA:21,2
DA:25,2
DA:26,2
DA:27,1
DA:29,1
DA:33,3
LF:12
LH:12
BRDA:17,0,0,2
BRDA:17,0,1,2
BRDA:18,1,0,1
BRDA:25,2,0,1
BRDA:25,2,1,1
BRDA:26,3,0,1
BRF:6
BRH:6
end_of_record
